[     117ms] [LOG] [Fast Refresh] rebuilding @ http://localhost:3001/_next/static/chunks/node_modules_next_dist_115brz8._.js:2431
[     345ms] [LOG] [Fast Refresh] done in 328ms @ http://localhost:3001/_next/static/chunks/node_modules_next_dist_115brz8._.js:2431
[     468ms] [INFO] %cDownload the React DevTools for a better development experience: https://react.dev/link/react-devtools font-weight:bold @ http://localhost:3001/_next/static/chunks/node_modules_next_dist_115brz8._.js:2431
[     495ms] [LOG] [HMR] connected @ http://localhost:3001/_next/static/chunks/node_modules_next_dist_115brz8._.js:2431
[   50844ms] [LOG] [Fast Refresh] rebuilding @ http://localhost:3001/_next/static/chunks/node_modules_next_dist_115brz8._.js:2431
[   50939ms] [LOG] [Fast Refresh] done in 171ms @ http://localhost:3001/_next/static/chunks/node_modules_next_dist_115brz8._.js:2431
[   51250ms] [LOG] [Fast Refresh] rebuilding @ http://localhost:3001/_next/static/chunks/node_modules_next_dist_115brz8._.js:2431
[   51439ms] [LOG] [Fast Refresh] done in 297ms @ http://localhost:3001/_next/static/chunks/node_modules_next_dist_115brz8._.js:2431
[   51917ms] [LOG] [Fast Refresh] rebuilding @ http://localhost:3001/_next/static/chunks/node_modules_next_dist_115brz8._.js:2431
[   52089ms] [LOG] [Fast Refresh] done in 276ms @ http://localhost:3001/_next/static/chunks/node_modules_next_dist_115brz8._.js:2431
[   52201ms] [INFO] %cDownload the React DevTools for a better development experience: https://react.dev/link/react-devtools font-weight:bold @ http://localhost:3001/_next/static/chunks/node_modules_next_dist_115brz8._.js:2431
[   52241ms] [LOG] [HMR] connected @ http://localhost:3001/_next/static/chunks/node_modules_next_dist_115brz8._.js:2431
[   52469ms] Error: Hydration failed because the server rendered HTML didn't match the client. As a result this tree will be regenerated on the client. This can happen if a SSR-ed Client Component used:

- A server/client branch `if (typeof window !== 'undefined')`.
- Variable input such as `Date.now()` or `Math.random()` which changes each time it's called.
- Date formatting in a user's locale which doesn't match the server.
- External changing data without sending a snapshot of it along with the HTML.
- Invalid HTML tag nesting.

It can also happen if the client has a browser extension installed which messes with the HTML before React loaded.

https://react.dev/link/hydration-mismatch

  ...
    <ConditionalAppShell>
      <AppShell>
        <ChatProvider>
          <ToastProvider>
            <div>
            <TopBar>
            <div className="flex flex-...">
              <ChatShell>
                <div className="flex-shrin..." style={{width:0, ...}} aria-hidden={true}>
                  <AiChat>
                    <aside className="w-[280px] ..." style={{...}}>
                      <div className="px-4 pt-4 ...">
                        <div>
                        <div>
                        <motion.button whileHover={{scale:1.08}} whileTap={{scale:0.92}} onClick={function onClick} ...>
                          <button
                            onClick={function onClick}
+                           title="Desactivar voz"
-                           title={null}
+                           className="w-7 h-7 grid place-items-center rounded-lg transition-colors bg-accent/20 text-..."
-                           className="w-7 h-7 grid place-items-center rounded-lg text-text-dim hover:text-text-muted ..."
                            tabIndex={0}
                            style={{}}
                            ref={function useMotionRef.useCallback}
-                           aria-label="Cerrar asistente"
                          >
                            <Volume2 className="w-3.5 h-3.5">
                              <svg
                                ref={null}
                                xmlns="http://www.w3.org/2000/svg"
                                width={24}
                                height={24}
                                viewBox="0 0 24 24"
                                fill="none"
                                stroke="currentColor"
                                strokeWidth={2}
                                strokeLinecap="round"
                                strokeLinejoin="round"
+                               className="lucide lucide-volume2 lucide-volume-2 w-3.5 h-3.5"
-                               className="lucide lucide-x w-3.5 h-3.5"
                                aria-hidden="true"
                              >
                                <path
+                                 d="M11 4.702a.705.705 0 0 0-1.203-.498L6.413 7.587A1.4 1.4 0 0 1 5.416 8H3a1 1 0 0 0..."
-                                 d="M18 6 6 18"
                                >
                                <path
+                                 d="M16 9a5 5 0 0 1 0 6"
-                                 d="m6 6 12 12"
                                >
+                               <path d="M19.364 18.364a9 9 0 0 0 0-12.728">
                        ...
                      ...
              ...
            ...
            ...

    at throwOnHydrationMismatch (http://localhost:3001/_next/static/chunks/node_modules_next_dist_compiled_react-dom_058-ah~._.js:3318:56)
    at beginWork (http://localhost:3001/_next/static/chunks/node_modules_next_dist_compiled_react-dom_058-ah~._.js:6758:918)
    at runWithFiberInDEV (http://localhost:3001/_next/static/chunks/node_modules_next_dist_compiled_react-dom_058-ah~._.js:965:74)
    at performUnitOfWork (http://localhost:3001/_next/static/chunks/node_modules_next_dist_compiled_react-dom_058-ah~._.js:9555:97)
    at workLoopConcurrentByScheduler (http://localhost:3001/_next/static/chunks/node_modules_next_dist_compiled_react-dom_058-ah~._.js:9551:58)
    at renderRootConcurrent (http://localhost:3001/_next/static/chunks/node_modules_next_dist_compiled_react-dom_058-ah~._.js:9534:71)
    at performWorkOnRoot (http://localhost:3001/_next/static/chunks/node_modules_next_dist_compiled_react-dom_058-ah~._.js:9061:150)
    at performWorkOnRootViaSchedulerTask (http://localhost:3001/_next/static/chunks/node_modules_next_dist_compiled_react-dom_058-ah~._.js:10255:9)
    at MessagePort.performWorkUntilDeadline (http://localhost:3001/_next/static/chunks/node_modules_next_dist_compiled_0rpq4pf._.js:2647:64)
[   52714ms] [LOG] [Fast Refresh] rebuilding @ http://localhost:3001/_next/static/chunks/node_modules_next_dist_115brz8._.js:2431
[   52715ms] [LOG] [Fast Refresh] done in 113ms @ http://localhost:3001/_next/static/chunks/node_modules_next_dist_115brz8._.js:2431
[   55409ms] [LOG] [Fast Refresh] rebuilding @ http://localhost:3001/_next/static/chunks/node_modules_next_dist_115brz8._.js:2431
[   55477ms] [LOG] [Fast Refresh] done in 120ms @ http://localhost:3001/_next/static/chunks/node_modules_next_dist_115brz8._.js:2431
[   55582ms] [LOG] [Fast Refresh] rebuilding @ http://localhost:3001/_next/static/chunks/node_modules_next_dist_115brz8._.js:2431
[   55702ms] [LOG] [Fast Refresh] done in 223ms @ http://localhost:3001/_next/static/chunks/node_modules_next_dist_115brz8._.js:2431
[   67475ms] [LOG] [Fast Refresh] rebuilding @ http://localhost:3001/_next/static/chunks/node_modules_next_dist_115brz8._.js:2431
[   67634ms] [LOG] [Fast Refresh] done in 207ms @ http://localhost:3001/_next/static/chunks/node_modules_next_dist_115brz8._.js:2431
[   81089ms] [LOG] [Fast Refresh] rebuilding @ http://localhost:3001/_next/static/chunks/node_modules_next_dist_115brz8._.js:2431
[   81277ms] [LOG] [Fast Refresh] done in 290ms @ http://localhost:3001/_next/static/chunks/node_modules_next_dist_115brz8._.js:2431
[   81472ms] [LOG] [Fast Refresh] rebuilding @ http://localhost:3001/_next/static/chunks/node_modules_next_dist_115brz8._.js:2431
[   81595ms] [LOG] [Fast Refresh] done in 231ms @ http://localhost:3001/_next/static/chunks/node_modules_next_dist_115brz8._.js:2431
[   98033ms] [LOG] [Fast Refresh] rebuilding @ http://localhost:3001/_next/static/chunks/node_modules_next_dist_115brz8._.js:2431
[   98188ms] [LOG] [Fast Refresh] done in 264ms @ http://localhost:3001/_next/static/chunks/node_modules_next_dist_115brz8._.js:2431
[   98365ms] [LOG] [Fast Refresh] rebuilding @ http://localhost:3001/_next/static/chunks/node_modules_next_dist_115brz8._.js:2431
[   98482ms] [LOG] [Fast Refresh] done in 224ms @ http://localhost:3001/_next/static/chunks/node_modules_next_dist_115brz8._.js:2431
[  106933ms] [LOG] [Fast Refresh] rebuilding @ http://localhost:3001/_next/static/chunks/node_modules_next_dist_115brz8._.js:2431
[  107107ms] [LOG] [Fast Refresh] done in 285ms @ http://localhost:3001/_next/static/chunks/node_modules_next_dist_115brz8._.js:2431
[  107232ms] [LOG] [Fast Refresh] rebuilding @ http://localhost:3001/_next/static/chunks/node_modules_next_dist_115brz8._.js:2431
[  107395ms] [LOG] [Fast Refresh] done in 267ms @ http://localhost:3001/_next/static/chunks/node_modules_next_dist_115brz8._.js:2431
[  113830ms] [LOG] [Fast Refresh] rebuilding @ http://localhost:3001/_next/static/chunks/node_modules_next_dist_115brz8._.js:2431
[  113981ms] [LOG] [Fast Refresh] done in 261ms @ http://localhost:3001/_next/static/chunks/node_modules_next_dist_115brz8._.js:2431
[  114110ms] [LOG] [Fast Refresh] rebuilding @ http://localhost:3001/_next/static/chunks/node_modules_next_dist_115brz8._.js:2431
[  114192ms] [LOG] [Fast Refresh] done in 189ms @ http://localhost:3001/_next/static/chunks/node_modules_next_dist_115brz8._.js:2431
[  134618ms] [LOG] [Fast Refresh] rebuilding @ http://localhost:3001/_next/static/chunks/node_modules_next_dist_115brz8._.js:2431
[  134892ms] [LOG] [Fast Refresh] done in 349ms @ http://localhost:3001/_next/static/chunks/node_modules_next_dist_115brz8._.js:2431
[  135004ms] [LOG] [Fast Refresh] rebuilding @ http://localhost:3001/_next/static/chunks/node_modules_next_dist_115brz8._.js:2431
[  135142ms] [LOG] [Fast Refresh] done in 245ms @ http://localhost:3001/_next/static/chunks/node_modules_next_dist_115brz8._.js:2431
[  135337ms] [LOG] [Fast Refresh] rebuilding @ http://localhost:3001/_next/static/chunks/node_modules_next_dist_115brz8._.js:2431
[  135402ms] [LOG] [Fast Refresh] done in 167ms @ http://localhost:3001/_next/static/chunks/node_modules_next_dist_115brz8._.js:2431
